<?xml version="1.0" encoding="UTF-8"?>
<!-- Generated by org.testng.reporters.JUnitReportReporter -->
<testsuite skipped="0" hostname="BDC4-L-3CP1NF2" name="com.Web.TC_SignUpTests" tests="1" failures="0" timestamp="2020-01-29T12:44:55 IST" time="95.036" errors="0">
  <testcase name="userSignUp" time="95.036" classname="com.Web.TC_SignUpTests"/>
</testsuite> <!-- com.Web.TC_SignUpTests -->
